Using 1 GPU for training... 
training args are: Namespace(batch_size=16, bs_per_gpu=32, calib=False, check_images=False, check_labels=False, conf_file='configs/gold_rgb_resdul_fusionb24.py', data_path='data/duo.yaml', device='0', dist_url='env://', distill=False, distill_feat=False, epochs=400, eval_final_only=False, eval_interval=20, fuse_ab=False, gpu_count=0, heavy_eval_range=50, img_size=640, local_rank=-1, name='GOLD_YOLO_rgb_resdul_fusionb24', output_dir='./runs/train', quant=False, rank=-1, resume=False, save_ckpt_on_last_n_epoch=-1, save_dir='runs/train/GOLD_YOLO_rgb_resdul_fusionb24', stop_aug_last_n_epoch=15, teacher_model_path=None, temperature=20, use_syncbn=False, workers=8, world_size=1, write_trainbatch_tb=False)

Train: Final numbers of valid images: 6670/ labels: 6670. 
0.5s for dataset initialization.
deterministic
True
./data/duo/train
Val: Final numbers of valid images: 1111/ labels: 1111. 
0.1s for dataset initialization.
./data/duo/test
Model: Model(
  (backbone): EfficientRep_RGB_Resdul(
    (stem_r): Sequential(
      (0): RepVGGBlock(
        (nonlinearity): ReLU(inplace=True)
        (se): Identity()
        (rbr_dense): Sequential(
          (conv): Conv2d(1, 32, kernel_size=(3, 3), stride=(2, 2), padding=(1, 1), bias=False)
          (bn): BatchNorm2d(32, eps=0.001, momentum=0.03, affine=True, track_running_stats=True)
        )
        (rbr_1x1): Sequential(
          (conv): Conv2d(1, 32, kernel_size=(1, 1), stride=(2, 2), bias=False)
          (bn): BatchNorm2d(32, eps=0.001, momentum=0.03, affine=True, track_running_stats=True)
        )
      )
      (1): cifm_Rsedul(
        (conv1): RepVGGBlock(
          (nonlinearity): ReLU(inplace=True)
          (se): Identity()
          (rbr_identity): BatchNorm2d(32, eps=0.001, momentum=0.03, affine=True, track_running_stats=True)
          (rbr_dense): Sequential(
            (conv): Conv2d(32, 32, kernel_size=(3, 3), stride=(1, 1), padding=(1, 1), bias=False)
            (bn): BatchNorm2d(32, eps=0.001, momentum=0.03, affine=True, track_running_stats=True)
          )
          (rbr_1x1): Sequential(
            (conv): Conv2d(32, 32, kernel_size=(1, 1), stride=(1, 1), bias=False)
            (bn): BatchNorm2d(32, eps=0.001, momentum=0.03, affine=True, track_running_stats=True)
          )
        )
        (block): Sequential(
          (0): RepVGGBlock(
            (nonlinearity): ReLU(inplace=True)
            (se): Identity()
            (rbr_identity): BatchNorm2d(32, eps=0.001, momentum=0.03, affine=True, track_running_stats=True)
            (rbr_dense): Sequential(
              (conv): Conv2d(32, 32, kernel_size=(3, 3), stride=(1, 1), padding=(1, 1), bias=False)
              (bn): BatchNorm2d(32, eps=0.001, momentum=0.03, affine=True, track_running_stats=True)
            )
            (rbr_1x1): Sequential(
              (conv): Conv2d(32, 32, kernel_size=(1, 1), stride=(1, 1), bias=False)
              (bn): BatchNorm2d(32, eps=0.001, momentum=0.03, affine=True, track_running_stats=True)
            )
          )
          (1): RepVGGBlock(
            (nonlinearity): ReLU(inplace=True)
            (se): Identity()
            (rbr_identity): BatchNorm2d(32, eps=0.001, momentum=0.03, affine=True, track_running_stats=True)
            (rbr_dense): Sequential(
              (conv): Conv2d(32, 32, kernel_size=(3, 3), stride=(1, 1), padding=(1, 1), bias=False)
              (bn): BatchNorm2d(32, eps=0.001, momentum=0.03, affine=True, track_running_stats=True)
            )
            (rbr_1x1): Sequential(
              (conv): Conv2d(32, 32, kernel_size=(1, 1), stride=(1, 1), bias=False)
              (bn): BatchNorm2d(32, eps=0.001, momentum=0.03, affine=True, track_running_stats=True)
            )
          )
        )
      )
    )
    (stem_g): Sequential(
      (0): RepVGGBlock(
        (nonlinearity): ReLU(inplace=True)
        (se): Identity()
        (rbr_dense): Sequential(
          (conv): Conv2d(1, 32, kernel_size=(3, 3), stride=(2, 2), padding=(1, 1), bias=False)
          (bn): BatchNorm2d(32, eps=0.001, momentum=0.03, affine=True, track_running_stats=True)
        )
        (rbr_1x1): Sequential(
          (conv): Conv2d(1, 32, kernel_size=(1, 1), stride=(2, 2), bias=False)
          (bn): BatchNorm2d(32, eps=0.001, momentum=0.03, affine=True, track_running_stats=True)
        )
      )
      (1): cifm_Rsedul(
        (conv1): RepVGGBlock(
          (nonlinearity): ReLU(inplace=True)
          (se): Identity()
          (rbr_identity): BatchNorm2d(32, eps=0.001, momentum=0.03, affine=True, track_running_stats=True)
          (rbr_dense): Sequential(
            (conv): Conv2d(32, 32, kernel_size=(3, 3), stride=(1, 1), padding=(1, 1), bias=False)
            (bn): BatchNorm2d(32, eps=0.001, momentum=0.03, affine=True, track_running_stats=True)
          )
          (rbr_1x1): Sequential(
            (conv): Conv2d(32, 32, kernel_size=(1, 1), stride=(1, 1), bias=False)
            (bn): BatchNorm2d(32, eps=0.001, momentum=0.03, affine=True, track_running_stats=True)
          )
        )
        (block): Sequential(
          (0): RepVGGBlock(
            (nonlinearity): ReLU(inplace=True)
            (se): Identity()
            (rbr_identity): BatchNorm2d(32, eps=0.001, momentum=0.03, affine=True, track_running_stats=True)
            (rbr_dense): Sequential(
              (conv): Conv2d(32, 32, kernel_size=(3, 3), stride=(1, 1), padding=(1, 1), bias=False)
              (bn): BatchNorm2d(32, eps=0.001, momentum=0.03, affine=True, track_running_stats=True)
            )
            (rbr_1x1): Sequential(
              (conv): Conv2d(32, 32, kernel_size=(1, 1), stride=(1, 1), bias=False)
              (bn): BatchNorm2d(32, eps=0.001, momentum=0.03, affine=True, track_running_stats=True)
            )
          )
          (1): RepVGGBlock(
            (nonlinearity): ReLU(inplace=True)
            (se): Identity()
            (rbr_identity): BatchNorm2d(32, eps=0.001, momentum=0.03, affine=True, track_running_stats=True)
            (rbr_dense): Sequential(
              (conv): Conv2d(32, 32, kernel_size=(3, 3), stride=(1, 1), padding=(1, 1), bias=False)
              (bn): BatchNorm2d(32, eps=0.001, momentum=0.03, affine=True, track_running_stats=True)
            )
            (rbr_1x1): Sequential(
              (conv): Conv2d(32, 32, kernel_size=(1, 1), stride=(1, 1), bias=False)
              (bn): BatchNorm2d(32, eps=0.001, momentum=0.03, affine=True, track_running_stats=True)
            )
          )
        )
      )
    )
    (stem_b): Sequential(
      (0): RepVGGBlock(
        (nonlinearity): ReLU(inplace=True)
        (se): Identity()
        (rbr_dense): Sequential(
          (conv): Conv2d(1, 32, kernel_size=(3, 3), stride=(2, 2), padding=(1, 1), bias=False)
          (bn): BatchNorm2d(32, eps=0.001, momentum=0.03, affine=True, track_running_stats=True)
        )
        (rbr_1x1): Sequential(
          (conv): Conv2d(1, 32, kernel_size=(1, 1), stride=(2, 2), bias=False)
          (bn): BatchNorm2d(32, eps=0.001, momentum=0.03, affine=True, track_running_stats=True)
        )
      )
      (1): cifm_Rsedul(
        (conv1): RepVGGBlock(
          (nonlinearity): ReLU(inplace=True)
          (se): Identity()
          (rbr_identity): BatchNorm2d(32, eps=0.001, momentum=0.03, affine=True, track_running_stats=True)
          (rbr_dense): Sequential(
            (conv): Conv2d(32, 32, kernel_size=(3, 3), stride=(1, 1), padding=(1, 1), bias=False)
            (bn): BatchNorm2d(32, eps=0.001, momentum=0.03, affine=True, track_running_stats=True)
          )
          (rbr_1x1): Sequential(
            (conv): Conv2d(32, 32, kernel_size=(1, 1), stride=(1, 1), bias=False)
            (bn): BatchNorm2d(32, eps=0.001, momentum=0.03, affine=True, track_running_stats=True)
          )
        )
        (block): Sequential(
          (0): RepVGGBlock(
            (nonlinearity): ReLU(inplace=True)
            (se): Identity()
            (rbr_identity): BatchNorm2d(32, eps=0.001, momentum=0.03, affine=True, track_running_stats=True)
            (rbr_dense): Sequential(
              (conv): Conv2d(32, 32, kernel_size=(3, 3), stride=(1, 1), padding=(1, 1), bias=False)
              (bn): BatchNorm2d(32, eps=0.001, momentum=0.03, affine=True, track_running_stats=True)
            )
            (rbr_1x1): Sequential(
              (conv): Conv2d(32, 32, kernel_size=(1, 1), stride=(1, 1), bias=False)
              (bn): BatchNorm2d(32, eps=0.001, momentum=0.03, affine=True, track_running_stats=True)
            )
          )
          (1): RepVGGBlock(
            (nonlinearity): ReLU(inplace=True)
            (se): Identity()
            (rbr_identity): BatchNorm2d(32, eps=0.001, momentum=0.03, affine=True, track_running_stats=True)
            (rbr_dense): Sequential(
              (conv): Conv2d(32, 32, kernel_size=(3, 3), stride=(1, 1), padding=(1, 1), bias=False)
              (bn): BatchNorm2d(32, eps=0.001, momentum=0.03, affine=True, track_running_stats=True)
            )
            (rbr_1x1): Sequential(
              (conv): Conv2d(32, 32, kernel_size=(1, 1), stride=(1, 1), bias=False)
              (bn): BatchNorm2d(32, eps=0.001, momentum=0.03, affine=True, track_running_stats=True)
            )
          )
        )
      )
    )
    (ERBlock_2): Sequential(
      (0): RepVGGBlock(
        (nonlinearity): ReLU(inplace=True)
        (se): Identity()
        (rbr_dense): Sequential(
          (conv): Conv2d(96, 64, kernel_size=(3, 3), stride=(2, 2), padding=(1, 1), bias=False)
          (bn): BatchNorm2d(64, eps=0.001, momentum=0.03, affine=True, track_running_stats=True)
        )
        (rbr_1x1): Sequential(
          (conv): Conv2d(96, 64, kernel_size=(1, 1), stride=(2, 2), bias=False)
          (bn): BatchNorm2d(64, eps=0.001, momentum=0.03, affine=True, track_running_stats=True)
        )
      )
      (1): RepBlock(
        (conv1): RepVGGBlock(
          (nonlinearity): ReLU(inplace=True)
          (se): Identity()
          (rbr_identity): BatchNorm2d(64, eps=0.001, momentum=0.03, affine=True, track_running_stats=True)
          (rbr_dense): Sequential(
            (conv): Conv2d(64, 64, kernel_size=(3, 3), stride=(1, 1), padding=(1, 1), bias=False)
            (bn): BatchNorm2d(64, eps=0.001, momentum=0.03, affine=True, track_running_stats=True)
          )
          (rbr_1x1): Sequential(
            (conv): Conv2d(64, 64, kernel_size=(1, 1), stride=(1, 1), bias=False)
            (bn): BatchNorm2d(64, eps=0.001, momentum=0.03, affine=True, track_running_stats=True)
          )
        )
        (block): Sequential(
          (0): RepVGGBlock(
            (nonlinearity): ReLU(inplace=True)
            (se): Identity()
            (rbr_identity): BatchNorm2d(64, eps=0.001, momentum=0.03, affine=True, track_running_stats=True)
            (rbr_dense): Sequential(
              (conv): Conv2d(64, 64, kernel_size=(3, 3), stride=(1, 1), padding=(1, 1), bias=False)
              (bn): BatchNorm2d(64, eps=0.001, momentum=0.03, affine=True, track_running_stats=True)
            )
            (rbr_1x1): Sequential(
              (conv): Conv2d(64, 64, kernel_size=(1, 1), stride=(1, 1), bias=False)
              (bn): BatchNorm2d(64, eps=0.001, momentum=0.03, affine=True, track_running_stats=True)
            )
          )
        )
      )
    )
    (ERBlock_3): Sequential(
      (0): RepVGGBlock(
        (nonlinearity): ReLU(inplace=True)
        (se): Identity()
        (rbr_dense): Sequential(
          (conv): Conv2d(64, 128, kernel_size=(3, 3), stride=(2, 2), padding=(1, 1), bias=False)
          (bn): BatchNorm2d(128, eps=0.001, momentum=0.03, affine=True, track_running_stats=True)
        )
        (rbr_1x1): Sequential(
          (conv): Conv2d(64, 128, kernel_size=(1, 1), stride=(2, 2), bias=False)
          (bn): BatchNorm2d(128, eps=0.001, momentum=0.03, affine=True, track_running_stats=True)
        )
      )
      (1): RepBlock(
        (conv1): RepVGGBlock(
          (nonlinearity): ReLU(inplace=True)
          (se): Identity()
          (rbr_identity): BatchNorm2d(128, eps=0.001, momentum=0.03, affine=True, track_running_stats=True)
          (rbr_dense): Sequential(
            (conv): Conv2d(128, 128, kernel_size=(3, 3), stride=(1, 1), padding=(1, 1), bias=False)
            (bn): BatchNorm2d(128, eps=0.001, momentum=0.03, affine=True, track_running_stats=True)
          )
          (rbr_1x1): Sequential(
            (conv): Conv2d(128, 128, kernel_size=(1, 1), stride=(1, 1), bias=False)
            (bn): BatchNorm2d(128, eps=0.001, momentum=0.03, affine=True, track_running_stats=True)
          )
        )
        (block): Sequential(
          (0): RepVGGBlock(
            (nonlinearity): ReLU(inplace=True)
            (se): Identity()
            (rbr_identity): BatchNorm2d(128, eps=0.001, momentum=0.03, affine=True, track_running_stats=True)
            (rbr_dense): Sequential(
              (conv): Conv2d(128, 128, kernel_size=(3, 3), stride=(1, 1), padding=(1, 1), bias=False)
              (bn): BatchNorm2d(128, eps=0.001, momentum=0.03, affine=True, track_running_stats=True)
            )
            (rbr_1x1): Sequential(
              (conv): Conv2d(128, 128, kernel_size=(1, 1), stride=(1, 1), bias=False)
              (bn): BatchNorm2d(128, eps=0.001, momentum=0.03, affine=True, track_running_stats=True)
            )
          )
          (1): RepVGGBlock(
            (nonlinearity): ReLU(inplace=True)
            (se): Identity()
            (rbr_identity): BatchNorm2d(128, eps=0.001, momentum=0.03, affine=True, track_running_stats=True)
            (rbr_dense): Sequential(
              (conv): Conv2d(128, 128, kernel_size=(3, 3), stride=(1, 1), padding=(1, 1), bias=False)
              (bn): BatchNorm2d(128, eps=0.001, momentum=0.03, affine=True, track_running_stats=True)
            )
            (rbr_1x1): Sequential(
              (conv): Conv2d(128, 128, kernel_size=(1, 1), stride=(1, 1), bias=False)
              (bn): BatchNorm2d(128, eps=0.001, momentum=0.03, affine=True, track_running_stats=True)
            )
          )
          (2): RepVGGBlock(
            (nonlinearity): ReLU(inplace=True)
            (se): Identity()
            (rbr_identity): BatchNorm2d(128, eps=0.001, momentum=0.03, affine=True, track_running_stats=True)
            (rbr_dense): Sequential(
              (conv): Conv2d(128, 128, kernel_size=(3, 3), stride=(1, 1), padding=(1, 1), bias=False)
              (bn): BatchNorm2d(128, eps=0.001, momentum=0.03, affine=True, track_running_stats=True)
            )
            (rbr_1x1): Sequential(
              (conv): Conv2d(128, 128, kernel_size=(1, 1), stride=(1, 1), bias=False)
              (bn): BatchNorm2d(128, eps=0.001, momentum=0.03, affine=True, track_running_stats=True)
            )
          )
        )
      )
    )
    (ERBlock_4): Sequential(
      (0): RepVGGBlock(
        (nonlinearity): ReLU(inplace=True)
        (se): Identity()
        (rbr_dense): Sequential(
          (conv): Conv2d(128, 256, kernel_size=(3, 3), stride=(2, 2), padding=(1, 1), bias=False)
          (bn): BatchNorm2d(256, eps=0.001, momentum=0.03, affine=True, track_running_stats=True)
        )
        (rbr_1x1): Sequential(
          (conv): Conv2d(128, 256, kernel_size=(1, 1), stride=(2, 2), bias=False)
          (bn): BatchNorm2d(256, eps=0.001, momentum=0.03, affine=True, track_running_stats=True)
        )
      )
      (1): RepBlock(
        (conv1): RepVGGBlock(
          (nonlinearity): ReLU(inplace=True)
          (se): Identity()
          (rbr_identity): BatchNorm2d(256, eps=0.001, momentum=0.03, affine=True, track_running_stats=True)
          (rbr_dense): Sequential(
            (conv): Conv2d(256, 256, kernel_size=(3, 3), stride=(1, 1), padding=(1, 1), bias=False)
            (bn): BatchNorm2d(256, eps=0.001, momentum=0.03, affine=True, track_running_stats=True)
          )
          (rbr_1x1): Sequential(
            (conv): Conv2d(256, 256, kernel_size=(1, 1), stride=(1, 1), bias=False)
            (bn): BatchNorm2d(256, eps=0.001, momentum=0.03, affine=True, track_running_stats=True)
          )
        )
        (block): Sequential(
          (0): RepVGGBlock(
            (nonlinearity): ReLU(inplace=True)
            (se): Identity()
            (rbr_identity): BatchNorm2d(256, eps=0.001, momentum=0.03, affine=True, track_running_stats=True)
            (rbr_dense): Sequential(
              (conv): Conv2d(256, 256, kernel_size=(3, 3), stride=(1, 1), padding=(1, 1), bias=False)
              (bn): BatchNorm2d(256, eps=0.001, momentum=0.03, affine=True, track_running_stats=True)
            )
            (rbr_1x1): Sequential(
              (conv): Conv2d(256, 256, kernel_size=(1, 1), stride=(1, 1), bias=False)
              (bn): BatchNorm2d(256, eps=0.001, momentum=0.03, affine=True, track_running_stats=True)
            )
          )
          (1): RepVGGBlock(
            (nonlinearity): ReLU(inplace=True)
            (se): Identity()
            (rbr_identity): BatchNorm2d(256, eps=0.001, momentum=0.03, affine=True, track_running_stats=True)
            (rbr_dense): Sequential(
              (conv): Conv2d(256, 256, kernel_size=(3, 3), stride=(1, 1), padding=(1, 1), bias=False)
              (bn): BatchNorm2d(256, eps=0.001, momentum=0.03, affine=True, track_running_stats=True)
            )
            (rbr_1x1): Sequential(
              (conv): Conv2d(256, 256, kernel_size=(1, 1), stride=(1, 1), bias=False)
              (bn): BatchNorm2d(256, eps=0.001, momentum=0.03, affine=True, track_running_stats=True)
            )
          )
          (2): RepVGGBlock(
            (nonlinearity): ReLU(inplace=True)
            (se): Identity()
            (rbr_identity): BatchNorm2d(256, eps=0.001, momentum=0.03, affine=True, track_running_stats=True)
            (rbr_dense): Sequential(
              (conv): Conv2d(256, 256, kernel_size=(3, 3), stride=(1, 1), padding=(1, 1), bias=False)
              (bn): BatchNorm2d(256, eps=0.001, momentum=0.03, affine=True, track_running_stats=True)
            )
            (rbr_1x1): Sequential(
              (conv): Conv2d(256, 256, kernel_size=(1, 1), stride=(1, 1), bias=False)
              (bn): BatchNorm2d(256, eps=0.001, momentum=0.03, affine=True, track_running_stats=True)
            )
          )
          (3): RepVGGBlock(
            (nonlinearity): ReLU(inplace=True)
            (se): Identity()
            (rbr_identity): BatchNorm2d(256, eps=0.001, momentum=0.03, affine=True, track_running_stats=True)
            (rbr_dense): Sequential(
              (conv): Conv2d(256, 256, kernel_size=(3, 3), stride=(1, 1), padding=(1, 1), bias=False)
              (bn): BatchNorm2d(256, eps=0.001, momentum=0.03, affine=True, track_running_stats=True)
            )
            (rbr_1x1): Sequential(
              (conv): Conv2d(256, 256, kernel_size=(1, 1), stride=(1, 1), bias=False)
              (bn): BatchNorm2d(256, eps=0.001, momentum=0.03, affine=True, track_running_stats=True)
            )
          )
          (4): RepVGGBlock(
            (nonlinearity): ReLU(inplace=True)
            (se): Identity()
            (rbr_identity): BatchNorm2d(256, eps=0.001, momentum=0.03, affine=True, track_running_stats=True)
            (rbr_dense): Sequential(
              (conv): Conv2d(256, 256, kernel_size=(3, 3), stride=(1, 1), padding=(1, 1), bias=False)
              (bn): BatchNorm2d(256, eps=0.001, momentum=0.03, affine=True, track_running_stats=True)
            )
            (rbr_1x1): Sequential(
              (conv): Conv2d(256, 256, kernel_size=(1, 1), stride=(1, 1), bias=False)
              (bn): BatchNorm2d(256, eps=0.001, momentum=0.03, affine=True, track_running_stats=True)
            )
          )
        )
      )
    )
    (ERBlock_5): Sequential(
      (0): RepVGGBlock(
        (nonlinearity): ReLU(inplace=True)
        (se): Identity()
        (rbr_dense): Sequential(
          (conv): Conv2d(256, 512, kernel_size=(3, 3), stride=(2, 2), padding=(1, 1), bias=False)
          (bn): BatchNorm2d(512, eps=0.001, momentum=0.03, affine=True, track_running_stats=True)
        )
        (rbr_1x1): Sequential(
          (conv): Conv2d(256, 512, kernel_size=(1, 1), stride=(2, 2), bias=False)
          (bn): BatchNorm2d(512, eps=0.001, momentum=0.03, affine=True, track_running_stats=True)
        )
      )
      (1): RepBlock(
        (conv1): RepVGGBlock(
          (nonlinearity): ReLU(inplace=True)
          (se): Identity()
          (rbr_identity): BatchNorm2d(512, eps=0.001, momentum=0.03, affine=True, track_running_stats=True)
          (rbr_dense): Sequential(
            (conv): Conv2d(512, 512, kernel_size=(3, 3), stride=(1, 1), padding=(1, 1), bias=False)
            (bn): BatchNorm2d(512, eps=0.001, momentum=0.03, affine=True, track_running_stats=True)
          )
          (rbr_1x1): Sequential(
            (conv): Conv2d(512, 512, kernel_size=(1, 1), stride=(1, 1), bias=False)
            (bn): BatchNorm2d(512, eps=0.001, momentum=0.03, affine=True, track_running_stats=True)
          )
        )
        (block): Sequential(
          (0): RepVGGBlock(
            (nonlinearity): ReLU(inplace=True)
            (se): Identity()
            (rbr_identity): BatchNorm2d(512, eps=0.001, momentum=0.03, affine=True, track_running_stats=True)
            (rbr_dense): Sequential(
              (conv): Conv2d(512, 512, kernel_size=(3, 3), stride=(1, 1), padding=(1, 1), bias=False)
              (bn): BatchNorm2d(512, eps=0.001, momentum=0.03, affine=True, track_running_stats=True)
            )
            (rbr_1x1): Sequential(
              (conv): Conv2d(512, 512, kernel_size=(1, 1), stride=(1, 1), bias=False)
              (bn): BatchNorm2d(512, eps=0.001, momentum=0.03, affine=True, track_running_stats=True)
            )
          )
        )
      )
      (2): SimCSPSPPF(
        (cv1): SimConv(
          (conv): Conv2d(512, 256, kernel_size=(1, 1), stride=(1, 1), bias=False)
          (bn): BatchNorm2d(256, eps=0.001, momentum=0.03, affine=True, track_running_stats=True)
          (act): ReLU(inplace=True)
        )
        (cv2): SimConv(
          (conv): Conv2d(512, 256, kernel_size=(1, 1), stride=(1, 1), bias=False)
          (bn): BatchNorm2d(256, eps=0.001, momentum=0.03, affine=True, track_running_stats=True)
          (act): ReLU(inplace=True)
        )
        (cv3): SimConv(
          (conv): Conv2d(256, 256, kernel_size=(3, 3), stride=(1, 1), padding=(1, 1), bias=False)
          (bn): BatchNorm2d(256, eps=0.001, momentum=0.03, affine=True, track_running_stats=True)
          (act): ReLU(inplace=True)
        )
        (cv4): SimConv(
          (conv): Conv2d(256, 256, kernel_size=(1, 1), stride=(1, 1), bias=False)
          (bn): BatchNorm2d(256, eps=0.001, momentum=0.03, affine=True, track_running_stats=True)
          (act): ReLU(inplace=True)
        )
        (m): MaxPool2d(kernel_size=5, stride=1, padding=2, dilation=1, ceil_mode=False)
        (cv5): SimConv(
          (conv): Conv2d(1024, 256, kernel_size=(1, 1), stride=(1, 1), bias=False)
          (bn): BatchNorm2d(256, eps=0.001, momentum=0.03, affine=True, track_running_stats=True)
          (act): ReLU(inplace=True)
        )
        (cv6): SimConv(
          (conv): Conv2d(256, 256, kernel_size=(3, 3), stride=(1, 1), padding=(1, 1), bias=False)
          (bn): BatchNorm2d(256, eps=0.001, momentum=0.03, affine=True, track_running_stats=True)
          (act): ReLU(inplace=True)
        )
        (cv7): SimConv(
          (conv): Conv2d(512, 512, kernel_size=(1, 1), stride=(1, 1), bias=False)
          (bn): BatchNorm2d(512, eps=0.001, momentum=0.03, affine=True, track_running_stats=True)
          (act): ReLU(inplace=True)
        )
      )
    )
  )
  (neck): RepGDNeckWithLowFusionB2toB4(
    (low_FAM): SimFusion_LowFusionB2toB4(
      (low_IFM_ms): Sequential(
        (0): Conv(
          (conv): Conv2d(384, 128, kernel_size=(1, 1), stride=(1, 1), bias=False)
          (bn): BatchNorm2d(128, eps=0.001, momentum=0.03, affine=True, track_running_stats=True)
          (act): SiLU(inplace=True)
        )
        (1): RepVGGBlock(
          (nonlinearity): ReLU(inplace=True)
          (se): Identity()
          (rbr_identity): BatchNorm2d(128, eps=0.001, momentum=0.03, affine=True, track_running_stats=True)
          (rbr_dense): Sequential(
            (conv): Conv2d(128, 128, kernel_size=(3, 3), stride=(1, 1), padding=(1, 1), bias=False)
            (bn): BatchNorm2d(128, eps=0.001, momentum=0.03, affine=True, track_running_stats=True)
          )
          (rbr_1x1): Sequential(
            (conv): Conv2d(128, 128, kernel_size=(1, 1), stride=(1, 1), bias=False)
            (bn): BatchNorm2d(128, eps=0.001, momentum=0.03, affine=True, track_running_stats=True)
          )
        )
        (2): RepVGGBlock(
          (nonlinearity): ReLU(inplace=True)
          (se): Identity()
          (rbr_identity): BatchNorm2d(128, eps=0.001, momentum=0.03, affine=True, track_running_stats=True)
          (rbr_dense): Sequential(
            (conv): Conv2d(128, 128, kernel_size=(3, 3), stride=(1, 1), padding=(1, 1), bias=False)
            (bn): BatchNorm2d(128, eps=0.001, momentum=0.03, affine=True, track_running_stats=True)
          )
          (rbr_1x1): Sequential(
            (conv): Conv2d(128, 128, kernel_size=(1, 1), stride=(1, 1), bias=False)
            (bn): BatchNorm2d(128, eps=0.001, momentum=0.03, affine=True, track_running_stats=True)
          )
        )
        (3): RepVGGBlock(
          (nonlinearity): ReLU(inplace=True)
          (se): Identity()
          (rbr_identity): BatchNorm2d(128, eps=0.001, momentum=0.03, affine=True, track_running_stats=True)
          (rbr_dense): Sequential(
            (conv): Conv2d(128, 128, kernel_size=(3, 3), stride=(1, 1), padding=(1, 1), bias=False)
            (bn): BatchNorm2d(128, eps=0.001, momentum=0.03, affine=True, track_running_stats=True)
          )
          (rbr_1x1): Sequential(
            (conv): Conv2d(128, 128, kernel_size=(1, 1), stride=(1, 1), bias=False)
            (bn): BatchNorm2d(128, eps=0.001, momentum=0.03, affine=True, track_running_stats=True)
          )
        )
      )
      (low_IFM_lm): Sequential(
        (0): Conv(
          (conv): Conv2d(192, 128, kernel_size=(1, 1), stride=(1, 1), bias=False)
          (bn): BatchNorm2d(128, eps=0.001, momentum=0.03, affine=True, track_running_stats=True)
          (act): SiLU(inplace=True)
        )
        (1): RepVGGBlock(
          (nonlinearity): ReLU(inplace=True)
          (se): Identity()
          (rbr_identity): BatchNorm2d(128, eps=0.001, momentum=0.03, affine=True, track_running_stats=True)
          (rbr_dense): Sequential(
            (conv): Conv2d(128, 128, kernel_size=(3, 3), stride=(1, 1), padding=(1, 1), bias=False)
            (bn): BatchNorm2d(128, eps=0.001, momentum=0.03, affine=True, track_running_stats=True)
          )
          (rbr_1x1): Sequential(
            (conv): Conv2d(128, 128, kernel_size=(1, 1), stride=(1, 1), bias=False)
            (bn): BatchNorm2d(128, eps=0.001, momentum=0.03, affine=True, track_running_stats=True)
          )
        )
        (2): RepVGGBlock(
          (nonlinearity): ReLU(inplace=True)
          (se): Identity()
          (rbr_identity): BatchNorm2d(128, eps=0.001, momentum=0.03, affine=True, track_running_stats=True)
          (rbr_dense): Sequential(
            (conv): Conv2d(128, 128, kernel_size=(3, 3), stride=(1, 1), padding=(1, 1), bias=False)
            (bn): BatchNorm2d(128, eps=0.001, momentum=0.03, affine=True, track_running_stats=True)
          )
          (rbr_1x1): Sequential(
            (conv): Conv2d(128, 128, kernel_size=(1, 1), stride=(1, 1), bias=False)
            (bn): BatchNorm2d(128, eps=0.001, momentum=0.03, affine=True, track_running_stats=True)
          )
        )
        (3): RepVGGBlock(
          (nonlinearity): ReLU(inplace=True)
          (se): Identity()
          (rbr_identity): BatchNorm2d(128, eps=0.001, momentum=0.03, affine=True, track_running_stats=True)
          (rbr_dense): Sequential(
            (conv): Conv2d(128, 128, kernel_size=(3, 3), stride=(1, 1), padding=(1, 1), bias=False)
            (bn): BatchNorm2d(128, eps=0.001, momentum=0.03, affine=True, track_running_stats=True)
          )
          (rbr_1x1): Sequential(
            (conv): Conv2d(128, 128, kernel_size=(1, 1), stride=(1, 1), bias=False)
            (bn): BatchNorm2d(128, eps=0.001, momentum=0.03, affine=True, track_running_stats=True)
          )
        )
      )
      (low_IFM_ls): Sequential(
        (0): Conv(
          (conv): Conv2d(320, 128, kernel_size=(1, 1), stride=(1, 1), bias=False)
          (bn): BatchNorm2d(128, eps=0.001, momentum=0.03, affine=True, track_running_stats=True)
          (act): SiLU(inplace=True)
        )
        (1): RepVGGBlock(
          (nonlinearity): ReLU(inplace=True)
          (se): Identity()
          (rbr_identity): BatchNorm2d(128, eps=0.001, momentum=0.03, affine=True, track_running_stats=True)
          (rbr_dense): Sequential(
            (conv): Conv2d(128, 128, kernel_size=(3, 3), stride=(1, 1), padding=(1, 1), bias=False)
            (bn): BatchNorm2d(128, eps=0.001, momentum=0.03, affine=True, track_running_stats=True)
          )
          (rbr_1x1): Sequential(
            (conv): Conv2d(128, 128, kernel_size=(1, 1), stride=(1, 1), bias=False)
            (bn): BatchNorm2d(128, eps=0.001, momentum=0.03, affine=True, track_running_stats=True)
          )
        )
        (2): RepVGGBlock(
          (nonlinearity): ReLU(inplace=True)
          (se): Identity()
          (rbr_identity): BatchNorm2d(128, eps=0.001, momentum=0.03, affine=True, track_running_stats=True)
          (rbr_dense): Sequential(
            (conv): Conv2d(128, 128, kernel_size=(3, 3), stride=(1, 1), padding=(1, 1), bias=False)
            (bn): BatchNorm2d(128, eps=0.001, momentum=0.03, affine=True, track_running_stats=True)
          )
          (rbr_1x1): Sequential(
            (conv): Conv2d(128, 128, kernel_size=(1, 1), stride=(1, 1), bias=False)
            (bn): BatchNorm2d(128, eps=0.001, momentum=0.03, affine=True, track_running_stats=True)
          )
        )
        (3): RepVGGBlock(
          (nonlinearity): ReLU(inplace=True)
          (se): Identity()
          (rbr_identity): BatchNorm2d(128, eps=0.001, momentum=0.03, affine=True, track_running_stats=True)
          (rbr_dense): Sequential(
            (conv): Conv2d(128, 128, kernel_size=(3, 3), stride=(1, 1), padding=(1, 1), bias=False)
            (bn): BatchNorm2d(128, eps=0.001, momentum=0.03, affine=True, track_running_stats=True)
          )
          (rbr_1x1): Sequential(
            (conv): Conv2d(128, 128, kernel_size=(1, 1), stride=(1, 1), bias=False)
            (bn): BatchNorm2d(128, eps=0.001, momentum=0.03, affine=True, track_running_stats=True)
          )
        )
      )
      (low_IFM_lmns): Sequential(
        (0): Conv(
          (conv): Conv2d(896, 960, kernel_size=(1, 1), stride=(1, 1), bias=False)
          (bn): BatchNorm2d(960, eps=0.001, momentum=0.03, affine=True, track_running_stats=True)
          (act): SiLU(inplace=True)
        )
      )
    )
    (low_IFM): Sequential(
      (0): Conv(
        (conv): Conv2d(960, 128, kernel_size=(1, 1), stride=(1, 1), bias=False)
        (bn): BatchNorm2d(128, eps=0.001, momentum=0.03, affine=True, track_running_stats=True)
        (act): SiLU(inplace=True)
      )
      (1): RepVGGBlock(
        (nonlinearity): ReLU(inplace=True)
        (se): Identity()
        (rbr_identity): BatchNorm2d(128, eps=0.001, momentum=0.03, affine=True, track_running_stats=True)
        (rbr_dense): Sequential(
          (conv): Conv2d(128, 128, kernel_size=(3, 3), stride=(1, 1), padding=(1, 1), bias=False)
          (bn): BatchNorm2d(128, eps=0.001, momentum=0.03, affine=True, track_running_stats=True)
        )
        (rbr_1x1): Sequential(
          (conv): Conv2d(128, 128, kernel_size=(1, 1), stride=(1, 1), bias=False)
          (bn): BatchNorm2d(128, eps=0.001, momentum=0.03, affine=True, track_running_stats=True)
        )
      )
      (2): RepVGGBlock(
        (nonlinearity): ReLU(inplace=True)
        (se): Identity()
        (rbr_identity): BatchNorm2d(128, eps=0.001, momentum=0.03, affine=True, track_running_stats=True)
        (rbr_dense): Sequential(
          (conv): Conv2d(128, 128, kernel_size=(3, 3), stride=(1, 1), padding=(1, 1), bias=False)
          (bn): BatchNorm2d(128, eps=0.001, momentum=0.03, affine=True, track_running_stats=True)
        )
        (rbr_1x1): Sequential(
          (conv): Conv2d(128, 128, kernel_size=(1, 1), stride=(1, 1), bias=False)
          (bn): BatchNorm2d(128, eps=0.001, momentum=0.03, affine=True, track_running_stats=True)
        )
      )
      (3): RepVGGBlock(
        (nonlinearity): ReLU(inplace=True)
        (se): Identity()
        (rbr_identity): BatchNorm2d(128, eps=0.001, momentum=0.03, affine=True, track_running_stats=True)
        (rbr_dense): Sequential(
          (conv): Conv2d(128, 128, kernel_size=(3, 3), stride=(1, 1), padding=(1, 1), bias=False)
          (bn): BatchNorm2d(128, eps=0.001, momentum=0.03, affine=True, track_running_stats=True)
        )
        (rbr_1x1): Sequential(
          (conv): Conv2d(128, 128, kernel_size=(1, 1), stride=(1, 1), bias=False)
          (bn): BatchNorm2d(128, eps=0.001, momentum=0.03, affine=True, track_running_stats=True)
        )
      )
      (4): Conv(
        (conv): Conv2d(128, 192, kernel_size=(1, 1), stride=(1, 1), bias=False)
        (bn): BatchNorm2d(192, eps=0.001, momentum=0.03, affine=True, track_running_stats=True)
        (act): SiLU(inplace=True)
      )
    )
    (reduce_layer_c5): SimConv(
      (conv): Conv2d(512, 128, kernel_size=(1, 1), stride=(1, 1), bias=False)
      (bn): BatchNorm2d(128, eps=0.001, momentum=0.03, affine=True, track_running_stats=True)
      (act): ReLU(inplace=True)
    )
    (LAF_p4): SimFusion_3in(
      (cv1): SimConv(
        (conv): Conv2d(256, 128, kernel_size=(1, 1), stride=(1, 1), bias=False)
        (bn): BatchNorm2d(128, eps=0.001, momentum=0.03, affine=True, track_running_stats=True)
        (act): ReLU(inplace=True)
      )
      (cv_fuse): SimConv(
        (conv): Conv2d(384, 128, kernel_size=(1, 1), stride=(1, 1), bias=False)
        (bn): BatchNorm2d(128, eps=0.001, momentum=0.03, affine=True, track_running_stats=True)
        (act): ReLU(inplace=True)
      )
    )
    (Inject_p4): InjectionMultiSum_Auto_pool(
      (local_embedding): ConvModule(
        (conv): Conv2d(128, 128, kernel_size=(1, 1), stride=(1, 1), bias=False)
        (bn): SyncBatchNorm(128, eps=1e-05, momentum=0.1, affine=True, track_running_stats=True)
      )
      (global_embedding): ConvModule(
        (conv): Conv2d(128, 128, kernel_size=(1, 1), stride=(1, 1), bias=False)
        (bn): SyncBatchNorm(128, eps=1e-05, momentum=0.1, affine=True, track_running_stats=True)
      )
      (global_act): ConvModule(
        (conv): Conv2d(128, 128, kernel_size=(1, 1), stride=(1, 1), bias=False)
        (bn): SyncBatchNorm(128, eps=1e-05, momentum=0.1, affine=True, track_running_stats=True)
      )
      (act): h_sigmoid(
        (relu): ReLU6(inplace=True)
      )
    )
    (Rep_p4): RepBlock(
      (conv1): RepVGGBlock(
        (nonlinearity): ReLU(inplace=True)
        (se): Identity()
        (rbr_identity): BatchNorm2d(128, eps=0.001, momentum=0.03, affine=True, track_running_stats=True)
        (rbr_dense): Sequential(
          (conv): Conv2d(128, 128, kernel_size=(3, 3), stride=(1, 1), padding=(1, 1), bias=False)
          (bn): BatchNorm2d(128, eps=0.001, momentum=0.03, affine=True, track_running_stats=True)
        )
        (rbr_1x1): Sequential(
          (conv): Conv2d(128, 128, kernel_size=(1, 1), stride=(1, 1), bias=False)
          (bn): BatchNorm2d(128, eps=0.001, momentum=0.03, affine=True, track_running_stats=True)
        )
      )
      (block): Sequential(
        (0): RepVGGBlock(
          (nonlinearity): ReLU(inplace=True)
          (se): Identity()
          (rbr_identity): BatchNorm2d(128, eps=0.001, momentum=0.03, affine=True, track_running_stats=True)
          (rbr_dense): Sequential(
            (conv): Conv2d(128, 128, kernel_size=(3, 3), stride=(1, 1), padding=(1, 1), bias=False)
            (bn): BatchNorm2d(128, eps=0.001, momentum=0.03, affine=True, track_running_stats=True)
          )
          (rbr_1x1): Sequential(
            (conv): Conv2d(128, 128, kernel_size=(1, 1), stride=(1, 1), bias=False)
            (bn): BatchNorm2d(128, eps=0.001, momentum=0.03, affine=True, track_running_stats=True)
          )
        )
        (1): RepVGGBlock(
          (nonlinearity): ReLU(inplace=True)
          (se): Identity()
          (rbr_identity): BatchNorm2d(128, eps=0.001, momentum=0.03, affine=True, track_running_stats=True)
          (rbr_dense): Sequential(
            (conv): Conv2d(128, 128, kernel_size=(3, 3), stride=(1, 1), padding=(1, 1), bias=False)
            (bn): BatchNorm2d(128, eps=0.001, momentum=0.03, affine=True, track_running_stats=True)
          )
          (rbr_1x1): Sequential(
            (conv): Conv2d(128, 128, kernel_size=(1, 1), stride=(1, 1), bias=False)
            (bn): BatchNorm2d(128, eps=0.001, momentum=0.03, affine=True, track_running_stats=True)
          )
        )
        (2): RepVGGBlock(
          (nonlinearity): ReLU(inplace=True)
          (se): Identity()
          (rbr_identity): BatchNorm2d(128, eps=0.001, momentum=0.03, affine=True, track_running_stats=True)
          (rbr_dense): Sequential(
            (conv): Conv2d(128, 128, kernel_size=(3, 3), stride=(1, 1), padding=(1, 1), bias=False)
            (bn): BatchNorm2d(128, eps=0.001, momentum=0.03, affine=True, track_running_stats=True)
          )
          (rbr_1x1): Sequential(
            (conv): Conv2d(128, 128, kernel_size=(1, 1), stride=(1, 1), bias=False)
            (bn): BatchNorm2d(128, eps=0.001, momentum=0.03, affine=True, track_running_stats=True)
          )
        )
      )
    )
    (reduce_layer_p4): SimConv(
      (conv): Conv2d(128, 64, kernel_size=(1, 1), stride=(1, 1), bias=False)
      (bn): BatchNorm2d(64, eps=0.001, momentum=0.03, affine=True, track_running_stats=True)
      (act): ReLU(inplace=True)
    )
    (LAF_p3): SimFusion_3in(
      (cv1): SimConv(
        (conv): Conv2d(128, 64, kernel_size=(1, 1), stride=(1, 1), bias=False)
        (bn): BatchNorm2d(64, eps=0.001, momentum=0.03, affine=True, track_running_stats=True)
        (act): ReLU(inplace=True)
      )
      (cv_fuse): SimConv(
        (conv): Conv2d(192, 64, kernel_size=(1, 1), stride=(1, 1), bias=False)
        (bn): BatchNorm2d(64, eps=0.001, momentum=0.03, affine=True, track_running_stats=True)
        (act): ReLU(inplace=True)
      )
    )
    (Inject_p3): InjectionMultiSum_Auto_pool(
      (local_embedding): ConvModule(
        (conv): Conv2d(64, 64, kernel_size=(1, 1), stride=(1, 1), bias=False)
        (bn): SyncBatchNorm(64, eps=1e-05, momentum=0.1, affine=True, track_running_stats=True)
      )
      (global_embedding): ConvModule(
        (conv): Conv2d(64, 64, kernel_size=(1, 1), stride=(1, 1), bias=False)
        (bn): SyncBatchNorm(64, eps=1e-05, momentum=0.1, affine=True, track_running_stats=True)
      )
      (global_act): ConvModule(
        (conv): Conv2d(64, 64, kernel_size=(1, 1), stride=(1, 1), bias=False)
        (bn): SyncBatchNorm(64, eps=1e-05, momentum=0.1, affine=True, track_running_stats=True)
      )
      (act): h_sigmoid(
        (relu): ReLU6(inplace=True)
      )
    )
    (Rep_p3): RepBlock(
      (conv1): RepVGGBlock(
        (nonlinearity): ReLU(inplace=True)
        (se): Identity()
        (rbr_identity): BatchNorm2d(64, eps=0.001, momentum=0.03, affine=True, track_running_stats=True)
        (rbr_dense): Sequential(
          (conv): Conv2d(64, 64, kernel_size=(3, 3), stride=(1, 1), padding=(1, 1), bias=False)
          (bn): BatchNorm2d(64, eps=0.001, momentum=0.03, affine=True, track_running_stats=True)
        )
        (rbr_1x1): Sequential(
          (conv): Conv2d(64, 64, kernel_size=(1, 1), stride=(1, 1), bias=False)
          (bn): BatchNorm2d(64, eps=0.001, momentum=0.03, affine=True, track_running_stats=True)
        )
      )
      (block): Sequential(
        (0): RepVGGBlock(
          (nonlinearity): ReLU(inplace=True)
          (se): Identity()
          (rbr_identity): BatchNorm2d(64, eps=0.001, momentum=0.03, affine=True, track_running_stats=True)
          (rbr_dense): Sequential(
            (conv): Conv2d(64, 64, kernel_size=(3, 3), stride=(1, 1), padding=(1, 1), bias=False)
            (bn): BatchNorm2d(64, eps=0.001, momentum=0.03, affine=True, track_running_stats=True)
          )
          (rbr_1x1): Sequential(
            (conv): Conv2d(64, 64, kernel_size=(1, 1), stride=(1, 1), bias=False)
            (bn): BatchNorm2d(64, eps=0.001, momentum=0.03, affine=True, track_running_stats=True)
          )
        )
        (1): RepVGGBlock(
          (nonlinearity): ReLU(inplace=True)
          (se): Identity()
          (rbr_identity): BatchNorm2d(64, eps=0.001, momentum=0.03, affine=True, track_running_stats=True)
          (rbr_dense): Sequential(
            (conv): Conv2d(64, 64, kernel_size=(3, 3), stride=(1, 1), padding=(1, 1), bias=False)
            (bn): BatchNorm2d(64, eps=0.001, momentum=0.03, affine=True, track_running_stats=True)
          )
          (rbr_1x1): Sequential(
            (conv): Conv2d(64, 64, kernel_size=(1, 1), stride=(1, 1), bias=False)
            (bn): BatchNorm2d(64, eps=0.001, momentum=0.03, affine=True, track_running_stats=True)
          )
        )
        (2): RepVGGBlock(
          (nonlinearity): ReLU(inplace=True)
          (se): Identity()
          (rbr_identity): BatchNorm2d(64, eps=0.001, momentum=0.03, affine=True, track_running_stats=True)
          (rbr_dense): Sequential(
            (conv): Conv2d(64, 64, kernel_size=(3, 3), stride=(1, 1), padding=(1, 1), bias=False)
            (bn): BatchNorm2d(64, eps=0.001, momentum=0.03, affine=True, track_running_stats=True)
          )
          (rbr_1x1): Sequential(
            (conv): Conv2d(64, 64, kernel_size=(1, 1), stride=(1, 1), bias=False)
            (bn): BatchNorm2d(64, eps=0.001, momentum=0.03, affine=True, track_running_stats=True)
          )
        )
      )
    )
    (high_FAM): PyramidPoolAgg()
    (high_IFM): TopBasicLayer(
      (transformer_blocks): ModuleList(
        (0): top_Block(
          (attn): Attention(
            (to_q): Conv2d_BN(
              (c): Conv2d(704, 32, kernel_size=(1, 1), stride=(1, 1), bias=False)
              (bn): SyncBatchNorm(32, eps=1e-05, momentum=0.1, affine=True, track_running_stats=True)
            )
            (to_k): Conv2d_BN(
              (c): Conv2d(704, 32, kernel_size=(1, 1), stride=(1, 1), bias=False)
              (bn): SyncBatchNorm(32, eps=1e-05, momentum=0.1, affine=True, track_running_stats=True)
            )
            (to_v): Conv2d_BN(
              (c): Conv2d(704, 64, kernel_size=(1, 1), stride=(1, 1), bias=False)
              (bn): SyncBatchNorm(64, eps=1e-05, momentum=0.1, affine=True, track_running_stats=True)
            )
            (proj): Sequential(
              (0): ReLU6(inplace=True)
              (1): Conv2d_BN(
                (c): Conv2d(64, 704, kernel_size=(1, 1), stride=(1, 1), bias=False)
                (bn): SyncBatchNorm(704, eps=1e-05, momentum=0.1, affine=True, track_running_stats=True)
              )
            )
          )
          (drop_path): Identity()
          (mlp): Mlp(
            (fc1): Conv2d_BN(
              (c): Conv2d(704, 704, kernel_size=(1, 1), stride=(1, 1), bias=False)
              (bn): SyncBatchNorm(704, eps=1e-05, momentum=0.1, affine=True, track_running_stats=True)
            )
            (dwconv): Conv2d(704, 704, kernel_size=(3, 3), stride=(1, 1), padding=(1, 1), groups=704)
            (act): ReLU6(inplace=True)
            (fc2): Conv2d_BN(
              (c): Conv2d(704, 704, kernel_size=(1, 1), stride=(1, 1), bias=False)
              (bn): SyncBatchNorm(704, eps=1e-05, momentum=0.1, affine=True, track_running_stats=True)
            )
            (drop): Dropout(p=0, inplace=False)
          )
        )
        (1): top_Block(
          (attn): Attention(
            (to_q): Conv2d_BN(
              (c): Conv2d(704, 32, kernel_size=(1, 1), stride=(1, 1), bias=False)
              (bn): SyncBatchNorm(32, eps=1e-05, momentum=0.1, affine=True, track_running_stats=True)
            )
            (to_k): Conv2d_BN(
              (c): Conv2d(704, 32, kernel_size=(1, 1), stride=(1, 1), bias=False)
              (bn): SyncBatchNorm(32, eps=1e-05, momentum=0.1, affine=True, track_running_stats=True)
            )
            (to_v): Conv2d_BN(
              (c): Conv2d(704, 64, kernel_size=(1, 1), stride=(1, 1), bias=False)
              (bn): SyncBatchNorm(64, eps=1e-05, momentum=0.1, affine=True, track_running_stats=True)
            )
            (proj): Sequential(
              (0): ReLU6(inplace=True)
              (1): Conv2d_BN(
                (c): Conv2d(64, 704, kernel_size=(1, 1), stride=(1, 1), bias=False)
                (bn): SyncBatchNorm(704, eps=1e-05, momentum=0.1, affine=True, track_running_stats=True)
              )
            )
          )
          (drop_path): DropPath()
          (mlp): Mlp(
            (fc1): Conv2d_BN(
              (c): Conv2d(704, 704, kernel_size=(1, 1), stride=(1, 1), bias=False)
              (bn): SyncBatchNorm(704, eps=1e-05, momentum=0.1, affine=True, track_running_stats=True)
            )
            (dwconv): Conv2d(704, 704, kernel_size=(3, 3), stride=(1, 1), padding=(1, 1), groups=704)
            (act): ReLU6(inplace=True)
            (fc2): Conv2d_BN(
              (c): Conv2d(704, 704, kernel_size=(1, 1), stride=(1, 1), bias=False)
              (bn): SyncBatchNorm(704, eps=1e-05, momentum=0.1, affine=True, track_running_stats=True)
            )
            (drop): Dropout(p=0, inplace=False)
          )
        )
      )
    )
    (conv_1x1_n): Conv2d(704, 384, kernel_size=(1, 1), stride=(1, 1))
    (LAF_n4): AdvPoolFusion()
    (Inject_n4): InjectionMultiSum_Auto_pool(
      (local_embedding): ConvModule(
        (conv): Conv2d(128, 128, kernel_size=(1, 1), stride=(1, 1), bias=False)
        (bn): SyncBatchNorm(128, eps=1e-05, momentum=0.1, affine=True, track_running_stats=True)
      )
      (global_embedding): ConvModule(
        (conv): Conv2d(128, 128, kernel_size=(1, 1), stride=(1, 1), bias=False)
        (bn): SyncBatchNorm(128, eps=1e-05, momentum=0.1, affine=True, track_running_stats=True)
      )
      (global_act): ConvModule(
        (conv): Conv2d(128, 128, kernel_size=(1, 1), stride=(1, 1), bias=False)
        (bn): SyncBatchNorm(128, eps=1e-05, momentum=0.1, affine=True, track_running_stats=True)
      )
      (act): h_sigmoid(
        (relu): ReLU6(inplace=True)
      )
    )
    (Rep_n4): RepBlock(
      (conv1): RepVGGBlock(
        (nonlinearity): ReLU(inplace=True)
        (se): Identity()
        (rbr_identity): BatchNorm2d(128, eps=0.001, momentum=0.03, affine=True, track_running_stats=True)
        (rbr_dense): Sequential(
          (conv): Conv2d(128, 128, kernel_size=(3, 3), stride=(1, 1), padding=(1, 1), bias=False)
          (bn): BatchNorm2d(128, eps=0.001, momentum=0.03, affine=True, track_running_stats=True)
        )
        (rbr_1x1): Sequential(
          (conv): Conv2d(128, 128, kernel_size=(1, 1), stride=(1, 1), bias=False)
          (bn): BatchNorm2d(128, eps=0.001, momentum=0.03, affine=True, track_running_stats=True)
        )
      )
      (block): Sequential(
        (0): RepVGGBlock(
          (nonlinearity): ReLU(inplace=True)
          (se): Identity()
          (rbr_identity): BatchNorm2d(128, eps=0.001, momentum=0.03, affine=True, track_running_stats=True)
          (rbr_dense): Sequential(
            (conv): Conv2d(128, 128, kernel_size=(3, 3), stride=(1, 1), padding=(1, 1), bias=False)
            (bn): BatchNorm2d(128, eps=0.001, momentum=0.03, affine=True, track_running_stats=True)
          )
          (rbr_1x1): Sequential(
            (conv): Conv2d(128, 128, kernel_size=(1, 1), stride=(1, 1), bias=False)
            (bn): BatchNorm2d(128, eps=0.001, momentum=0.03, affine=True, track_running_stats=True)
          )
        )
        (1): RepVGGBlock(
          (nonlinearity): ReLU(inplace=True)
          (se): Identity()
          (rbr_identity): BatchNorm2d(128, eps=0.001, momentum=0.03, affine=True, track_running_stats=True)
          (rbr_dense): Sequential(
            (conv): Conv2d(128, 128, kernel_size=(3, 3), stride=(1, 1), padding=(1, 1), bias=False)
            (bn): BatchNorm2d(128, eps=0.001, momentum=0.03, affine=True, track_running_stats=True)
          )
          (rbr_1x1): Sequential(
            (conv): Conv2d(128, 128, kernel_size=(1, 1), stride=(1, 1), bias=False)
            (bn): BatchNorm2d(128, eps=0.001, momentum=0.03, affine=True, track_running_stats=True)
          )
        )
        (2): RepVGGBlock(
          (nonlinearity): ReLU(inplace=True)
          (se): Identity()
          (rbr_identity): BatchNorm2d(128, eps=0.001, momentum=0.03, affine=True, track_running_stats=True)
          (rbr_dense): Sequential(
            (conv): Conv2d(128, 128, kernel_size=(3, 3), stride=(1, 1), padding=(1, 1), bias=False)
            (bn): BatchNorm2d(128, eps=0.001, momentum=0.03, affine=True, track_running_stats=True)
          )
          (rbr_1x1): Sequential(
            (conv): Conv2d(128, 128, kernel_size=(1, 1), stride=(1, 1), bias=False)
            (bn): BatchNorm2d(128, eps=0.001, momentum=0.03, affine=True, track_running_stats=True)
          )
        )
      )
    )
    (LAF_n5): AdvPoolFusion()
    (Inject_n5): InjectionMultiSum_Auto_pool(
      (local_embedding): ConvModule(
        (conv): Conv2d(256, 256, kernel_size=(1, 1), stride=(1, 1), bias=False)
        (bn): SyncBatchNorm(256, eps=1e-05, momentum=0.1, affine=True, track_running_stats=True)
      )
      (global_embedding): ConvModule(
        (conv): Conv2d(256, 256, kernel_size=(1, 1), stride=(1, 1), bias=False)
        (bn): SyncBatchNorm(256, eps=1e-05, momentum=0.1, affine=True, track_running_stats=True)
      )
      (global_act): ConvModule(
        (conv): Conv2d(256, 256, kernel_size=(1, 1), stride=(1, 1), bias=False)
        (bn): SyncBatchNorm(256, eps=1e-05, momentum=0.1, affine=True, track_running_stats=True)
      )
      (act): h_sigmoid(
        (relu): ReLU6(inplace=True)
      )
    )
    (Rep_n5): RepBlock(
      (conv1): RepVGGBlock(
        (nonlinearity): ReLU(inplace=True)
        (se): Identity()
        (rbr_identity): BatchNorm2d(256, eps=0.001, momentum=0.03, affine=True, track_running_stats=True)
        (rbr_dense): Sequential(
          (conv): Conv2d(256, 256, kernel_size=(3, 3), stride=(1, 1), padding=(1, 1), bias=False)
          (bn): BatchNorm2d(256, eps=0.001, momentum=0.03, affine=True, track_running_stats=True)
        )
        (rbr_1x1): Sequential(
          (conv): Conv2d(256, 256, kernel_size=(1, 1), stride=(1, 1), bias=False)
          (bn): BatchNorm2d(256, eps=0.001, momentum=0.03, affine=True, track_running_stats=True)
        )
      )
      (block): Sequential(
        (0): RepVGGBlock(
          (nonlinearity): ReLU(inplace=True)
          (se): Identity()
          (rbr_identity): BatchNorm2d(256, eps=0.001, momentum=0.03, affine=True, track_running_stats=True)
          (rbr_dense): Sequential(
            (conv): Conv2d(256, 256, kernel_size=(3, 3), stride=(1, 1), padding=(1, 1), bias=False)
            (bn): BatchNorm2d(256, eps=0.001, momentum=0.03, affine=True, track_running_stats=True)
          )
          (rbr_1x1): Sequential(
            (conv): Conv2d(256, 256, kernel_size=(1, 1), stride=(1, 1), bias=False)
            (bn): BatchNorm2d(256, eps=0.001, momentum=0.03, affine=True, track_running_stats=True)
          )
        )
        (1): RepVGGBlock(
          (nonlinearity): ReLU(inplace=True)
          (se): Identity()
          (rbr_identity): BatchNorm2d(256, eps=0.001, momentum=0.03, affine=True, track_running_stats=True)
          (rbr_dense): Sequential(
            (conv): Conv2d(256, 256, kernel_size=(3, 3), stride=(1, 1), padding=(1, 1), bias=False)
            (bn): BatchNorm2d(256, eps=0.001, momentum=0.03, affine=True, track_running_stats=True)
          )
          (rbr_1x1): Sequential(
            (conv): Conv2d(256, 256, kernel_size=(1, 1), stride=(1, 1), bias=False)
            (bn): BatchNorm2d(256, eps=0.001, momentum=0.03, affine=True, track_running_stats=True)
          )
        )
        (2): RepVGGBlock(
          (nonlinearity): ReLU(inplace=True)
          (se): Identity()
          (rbr_identity): BatchNorm2d(256, eps=0.001, momentum=0.03, affine=True, track_running_stats=True)
          (rbr_dense): Sequential(
            (conv): Conv2d(256, 256, kernel_size=(3, 3), stride=(1, 1), padding=(1, 1), bias=False)
            (bn): BatchNorm2d(256, eps=0.001, momentum=0.03, affine=True, track_running_stats=True)
          )
          (rbr_1x1): Sequential(
            (conv): Conv2d(256, 256, kernel_size=(1, 1), stride=(1, 1), bias=False)
            (bn): BatchNorm2d(256, eps=0.001, momentum=0.03, affine=True, track_running_stats=True)
          )
        )
      )
    )
  )
  (detect): Detect(
    (proj_conv): Conv2d(17, 1, kernel_size=(1, 1), stride=(1, 1), bias=False)
    (stems): ModuleList(
      (0): Conv(
        (conv): Conv2d(64, 64, kernel_size=(1, 1), stride=(1, 1), bias=False)
        (bn): BatchNorm2d(64, eps=0.001, momentum=0.03, affine=True, track_running_stats=True)
        (act): SiLU(inplace=True)
      )
      (1): Conv(
        (conv): Conv2d(128, 128, kernel_size=(1, 1), stride=(1, 1), bias=False)
        (bn): BatchNorm2d(128, eps=0.001, momentum=0.03, affine=True, track_running_stats=True)
        (act): SiLU(inplace=True)
      )
      (2): Conv(
        (conv): Conv2d(256, 256, kernel_size=(1, 1), stride=(1, 1), bias=False)
        (bn): BatchNorm2d(256, eps=0.001, momentum=0.03, affine=True, track_running_stats=True)
        (act): SiLU(inplace=True)
      )
    )
    (cls_convs): ModuleList(
      (0): Conv(
        (conv): Conv2d(64, 64, kernel_size=(3, 3), stride=(1, 1), padding=(1, 1), bias=False)
        (bn): BatchNorm2d(64, eps=0.001, momentum=0.03, affine=True, track_running_stats=True)
        (act): SiLU(inplace=True)
      )
      (1): Conv(
        (conv): Conv2d(128, 128, kernel_size=(3, 3), stride=(1, 1), padding=(1, 1), bias=False)
        (bn): BatchNorm2d(128, eps=0.001, momentum=0.03, affine=True, track_running_stats=True)
        (act): SiLU(inplace=True)
      )
      (2): Conv(
        (conv): Conv2d(256, 256, kernel_size=(3, 3), stride=(1, 1), padding=(1, 1), bias=False)
        (bn): BatchNorm2d(256, eps=0.001, momentum=0.03, affine=True, track_running_stats=True)
        (act): SiLU(inplace=True)
      )
    )
    (reg_convs): ModuleList(
      (0): Conv(
        (conv): Conv2d(64, 64, kernel_size=(3, 3), stride=(1, 1), padding=(1, 1), bias=False)
        (bn): BatchNorm2d(64, eps=0.001, momentum=0.03, affine=True, track_running_stats=True)
        (act): SiLU(inplace=True)
      )
      (1): Conv(
        (conv): Conv2d(128, 128, kernel_size=(3, 3), stride=(1, 1), padding=(1, 1), bias=False)
        (bn): BatchNorm2d(128, eps=0.001, momentum=0.03, affine=True, track_running_stats=True)
        (act): SiLU(inplace=True)
      )
      (2): Conv(
        (conv): Conv2d(256, 256, kernel_size=(3, 3), stride=(1, 1), padding=(1, 1), bias=False)
        (bn): BatchNorm2d(256, eps=0.001, momentum=0.03, affine=True, track_running_stats=True)
        (act): SiLU(inplace=True)
      )
    )
    (cls_preds): ModuleList(
      (0): Conv2d(64, 4, kernel_size=(1, 1), stride=(1, 1))
      (1): Conv2d(128, 4, kernel_size=(1, 1), stride=(1, 1))
      (2): Conv2d(256, 4, kernel_size=(1, 1), stride=(1, 1))
    )
    (reg_preds): ModuleList(
      (0): Conv2d(64, 68, kernel_size=(1, 1), stride=(1, 1))
      (1): Conv2d(128, 68, kernel_size=(1, 1), stride=(1, 1))
      (2): Conv2d(256, 68, kernel_size=(1, 1), stride=(1, 1))
    )
  )
)
Training start...

     Epoch  iou_loss  dfl_loss  cls_loss
------------------------type----------------
GoldYOLO-s
Config (path: configs/gold_rgb_resdul_fusionb24.py): {'use_checkpoint': False, 'model': {'type': 'GoldYOLO-s', 'pretrained': None, 'depth_multiple': 0.33, 'width_multiple': 0.5, 'backbone': {'type': 'EfficientRep_RGB_Resdul', 'num_repeats': [1, 6, 12, 18, 6], 'out_channels': [64, 128, 256, 512, 1024], 'fuse_P2': True, 'cspsppf': True}, 'neck': {'type': 'RepGDNeckWithLowFusionB2toB4', 'num_repeats': [12, 12, 12, 12], 'out_channels': [256, 128, 128, 256, 256, 512], 'extra_cfg': {'norm_cfg': {'type': 'SyncBN', 'requires_grad': True}, 'depths': 2, 'fusion_in': 960, 'ppa_in': 704, 'fusion_act': {'type': 'ReLU6'}, 'fuse_block_num': 3, 'embed_dim_p': 128, 'embed_dim_n': 704, 'key_dim': 8, 'num_heads': 4, 'mlp_ratios': 1, 'attn_ratios': 2, 'c2t_stride': 2, 'drop_path_rate': 0.1, 'trans_channels': [128, 64, 128, 256], 'pool_mode': 'torch'}}, 'head': {'type': 'EffiDeHead', 'in_channels': [128, 256, 512], 'num_layers': 3, 'begin_indices': 24, 'anchors': 3, 'anchors_init': [[10, 13, 19, 19, 33, 23], [30, 61, 59, 59, 59, 119], [116, 90, 185, 185, 373, 326]], 'out_indices': [17, 20, 23], 'strides': [8, 16, 32], 'atss_warmup_epoch': 0, 'iou_type': 'giou', 'use_dfl': True, 'reg_max': 16, 'distill_weight': {'class': 1.0, 'dfl': 1.0}}}, 'solver': {'optim': 'SGD', 'lr_scheduler': 'Cosine', 'lr0': 0.01, 'lrf': 0.01, 'momentum': 0.937, 'weight_decay': 0.0005, 'warmup_epochs': 3.0, 'warmup_momentum': 0.8, 'warmup_bias_lr': 0.1}, 'data_aug': {'hsv_h': 0.015, 'hsv_s': 0.7, 'hsv_v': 0.4, 'degrees': 0.0, 'translate': 0.1, 'scale': 0.5, 'shear': 0.0, 'flipud': 0.0, 'fliplr': 0.5, 'mosaic': 1.0, 'mixup': 0.0}, 'training_mode': 'repvgg'}
RepGDNeckWithLowFusionB2toB4
<class 'gold_yolo.reppan.RepGDNeckWithLowFusionB2toB4'>
  0%|          | 0/417 [00:00<?, ?it/s]                                         /public/home/hpc36037/.conda/envs/ljj_cuda11/lib/python3.8/site-packages/torch/functional.py:504: UserWarning: torch.meshgrid: in an upcoming release, it will be required to pass the indexing argument. (Triggered internally at ../aten/src/ATen/native/TensorShape.cpp:3483.)
  return _VF.meshgrid(tensors, **kwargs)  # type: ignore[attr-defined]
     0/399     1.839     1.417     1.214:   0%|          | 0/417 [00:09<?, ?it/s     0/399     1.839     1.417     1.214:   0%|          | 1/417 [00:09<1:03:58,     0/399     1.713     1.416     1.431:   0%|          | 1/417 [00:09<1:03:58,     0/399     1.713     1.416     1.431:   0%|          | 2/417 [00:09<27:44,       0/399     1.735     1.415     1.382:   0%|          | 2/417 [00:09<27:44,       0/399     1.735     1.415     1.382:   1%|          | 3/417 [00:09<16:09,       0/399     1.735     1.414     1.374:   1%|          | 3/417 [00:10<16:09,       0/399     1.735     1.414     1.374:   1%|          | 4/417 [00:10<10:43,       0/399     1.707     1.413     1.406:   1%|          | 4/417 [00:10<10:43,       0/399     1.707     1.413     1.406:   1%|          | 5/417 [00:10<07:43,       0/399     1.701     1.412      1.41:   1%|          | 5/417 [00:11<07:43,       0/399     1.701     1.412      1.41:   1%|         | 6/417 [00:11<05:55,       0/399     1.715      1.41     1.382:   1%|         | 6/417 [00:11<05:55,       0/399     1.715      1.41     1.382:   2%|         | 7/417 [00:11<04:58,       0/399     1.735     1.409     1.345:   2%|         | 7/417 [00:11<04:58,       0/399     1.735     1.409     1.345:   2%|         | 8/417 [00:11<04:18,       0/399     1.746     1.407     1.323:   2%|         | 8/417 [00:12<04:18,       0/399     1.746     1.407     1.323:   2%|         | 9/417 [00:12<03:44,       0/399     1.768     1.405     1.282:   2%|         | 9/417 [00:12<03:44,       0/399     1.768     1.405     1.282:   2%|         | 10/417 [00:12<03:21,      0/399     1.758     1.404     1.295:   2%|         | 10/417 [00:13<03:21,      0/399     1.758     1.404     1.295:   3%|         | 11/417 [00:13<03:08,      0/399      1.77     1.402     1.272:   3%|         | 11/417 [00:13<03:08,      0/399      1.77     1.402     1.272:   3%|         | 12/417 [00:13<03:00,      0/399     1.781       1.4     1.249:   3%|         | 12/417 [00:13<03:00,      0/399     1.781       1.4     1.249:   3%|         | 13/417 [00:13<02:52,      0/399     1.768     1.399     1.259:   3%|         | 13/417 [00:14<02:52,      0/399     1.768     1.399     1.259:   3%|         | 14/417 [00:14<02:43,      0/399     1.764     1.397     1.261:   3%|         | 14/417 [00:14<02:43,      0/399     1.764     1.397     1.261:   4%|         | 15/417 [00:14<02:37,      0/399     1.767     1.395     1.252:   4%|         | 15/417 [00:14<02:37,      0/399     1.767     1.395     1.252:   4%|         | 16/417 [00:14<02:36,      0/399     1.778     1.393      1.23:   4%|         | 16/417 [00:15<02:36,      0/399     1.778     1.393      1.23:   4%|         | 17/417 [00:15<02:33,      0/399     1.768     1.392     1.238:   4%|         | 17/417 [00:15<02:33,      0/399     1.768     1.392     1.238:   4%|         | 18/417 [00:15<02:37,      0/399     1.776      1.39     1.222:   4%|         | 18/417 [00:16<02:37,      0/399     1.776      1.39     1.222:   5%|         | 19/417 [00:16<02:33,      0/399      1.78     1.388     1.211:   5%|         | 19/417 [00:16<02:33,      0/399      1.78     1.388     1.211:   5%|         | 20/417 [00:16<02:30, 